[2022-02-02 22:46:00,940] {manager.py:514} INFO - Processing files using up to 2 processes at a time 
[2022-02-02 22:46:00,940] {manager.py:515} INFO - Process each file at most once every 30 seconds
[2022-02-02 22:46:00,941] {manager.py:517} INFO - Checking for new files in /opt/airflow/dags every 300 seconds
[2022-02-02 22:46:00,941] {manager.py:663} INFO - Searching for files in /opt/airflow/dags
[2022-02-02 22:46:00,941] {manager.py:666} INFO - There are 0 files in /opt/airflow/dags
[2022-02-02 22:46:00,987] {manager.py:1065} INFO - Finding 'running' jobs without a recent heartbeat
[2022-02-02 22:46:00,987] {manager.py:1069} INFO - Failing jobs without heartbeat after 2022-02-02 22:41:00.987921+00:00
[2022-02-02 22:46:11,028] {manager.py:1065} INFO - Finding 'running' jobs without a recent heartbeat
[2022-02-02 22:46:11,028] {manager.py:1069} INFO - Failing jobs without heartbeat after 2022-02-02 22:41:11.028734+00:00
[2022-02-02 22:46:21,054] {manager.py:1065} INFO - Finding 'running' jobs without a recent heartbeat
[2022-02-02 22:46:21,054] {manager.py:1069} INFO - Failing jobs without heartbeat after 2022-02-02 22:41:21.054329+00:00
[2022-02-02 22:46:31,078] {manager.py:1065} INFO - Finding 'running' jobs without a recent heartbeat
[2022-02-02 22:46:31,078] {manager.py:1069} INFO - Failing jobs without heartbeat after 2022-02-02 22:41:31.078443+00:00
[2022-02-02 22:46:41,097] {manager.py:1065} INFO - Finding 'running' jobs without a recent heartbeat
[2022-02-02 22:46:41,097] {manager.py:1069} INFO - Failing jobs without heartbeat after 2022-02-02 22:41:41.097185+00:00
[2022-02-02 22:46:51,116] {manager.py:1065} INFO - Finding 'running' jobs without a recent heartbeat
[2022-02-02 22:46:51,117] {manager.py:1069} INFO - Failing jobs without heartbeat after 2022-02-02 22:41:51.117084+00:00
[2022-02-02 22:47:01,137] {manager.py:1065} INFO - Finding 'running' jobs without a recent heartbeat
[2022-02-02 22:47:01,137] {manager.py:1069} INFO - Failing jobs without heartbeat after 2022-02-02 22:42:01.137450+00:00
[2022-02-02 22:47:11,157] {manager.py:1065} INFO - Finding 'running' jobs without a recent heartbeat
[2022-02-02 22:47:11,158] {manager.py:1069} INFO - Failing jobs without heartbeat after 2022-02-02 22:42:11.158030+00:00
[2022-02-02 22:47:21,175] {manager.py:1065} INFO - Finding 'running' jobs without a recent heartbeat
[2022-02-02 22:47:21,176] {manager.py:1069} INFO - Failing jobs without heartbeat after 2022-02-02 22:42:21.176164+00:00
[2022-02-02 22:47:31,201] {manager.py:1065} INFO - Finding 'running' jobs without a recent heartbeat
[2022-02-02 22:47:31,201] {manager.py:1069} INFO - Failing jobs without heartbeat after 2022-02-02 22:42:31.201855+00:00
[2022-02-02 22:47:41,224] {manager.py:1065} INFO - Finding 'running' jobs without a recent heartbeat
[2022-02-02 22:47:41,224] {manager.py:1069} INFO - Failing jobs without heartbeat after 2022-02-02 22:42:41.224297+00:00
[2022-02-02 22:47:51,243] {manager.py:1065} INFO - Finding 'running' jobs without a recent heartbeat
[2022-02-02 22:47:51,243] {manager.py:1069} INFO - Failing jobs without heartbeat after 2022-02-02 22:42:51.243242+00:00
[2022-02-02 22:48:01,261] {manager.py:1065} INFO - Finding 'running' jobs without a recent heartbeat
[2022-02-02 22:48:01,261] {manager.py:1069} INFO - Failing jobs without heartbeat after 2022-02-02 22:43:01.261751+00:00
[2022-02-02 22:48:11,283] {manager.py:1065} INFO - Finding 'running' jobs without a recent heartbeat
[2022-02-02 22:48:11,283] {manager.py:1069} INFO - Failing jobs without heartbeat after 2022-02-02 22:43:11.283301+00:00
[2022-02-02 22:48:21,307] {manager.py:1065} INFO - Finding 'running' jobs without a recent heartbeat
[2022-02-02 22:48:21,307] {manager.py:1069} INFO - Failing jobs without heartbeat after 2022-02-02 22:43:21.307594+00:00
[2022-02-02 22:48:31,326] {manager.py:1065} INFO - Finding 'running' jobs without a recent heartbeat
[2022-02-02 22:48:31,327] {manager.py:1069} INFO - Failing jobs without heartbeat after 2022-02-02 22:43:31.327184+00:00
[2022-02-02 22:48:41,334] {manager.py:1065} INFO - Finding 'running' jobs without a recent heartbeat
[2022-02-02 22:48:41,334] {manager.py:1069} INFO - Failing jobs without heartbeat after 2022-02-02 22:43:41.334481+00:00
[2022-02-02 22:48:51,362] {manager.py:1065} INFO - Finding 'running' jobs without a recent heartbeat
[2022-02-02 22:48:51,362] {manager.py:1069} INFO - Failing jobs without heartbeat after 2022-02-02 22:43:51.362555+00:00
[2022-02-02 22:49:01,390] {manager.py:1065} INFO - Finding 'running' jobs without a recent heartbeat
[2022-02-02 22:49:01,390] {manager.py:1069} INFO - Failing jobs without heartbeat after 2022-02-02 22:44:01.390267+00:00
[2022-02-02 22:49:11,415] {manager.py:1065} INFO - Finding 'running' jobs without a recent heartbeat
[2022-02-02 22:49:11,416] {manager.py:1069} INFO - Failing jobs without heartbeat after 2022-02-02 22:44:11.416172+00:00
[2022-02-02 22:49:21,446] {manager.py:1065} INFO - Finding 'running' jobs without a recent heartbeat
[2022-02-02 22:49:21,446] {manager.py:1069} INFO - Failing jobs without heartbeat after 2022-02-02 22:44:21.446523+00:00
[2022-02-02 22:49:31,470] {manager.py:1065} INFO - Finding 'running' jobs without a recent heartbeat
[2022-02-02 22:49:31,471] {manager.py:1069} INFO - Failing jobs without heartbeat after 2022-02-02 22:44:31.471107+00:00
[2022-02-02 22:49:41,494] {manager.py:1065} INFO - Finding 'running' jobs without a recent heartbeat
[2022-02-02 22:49:41,495] {manager.py:1069} INFO - Failing jobs without heartbeat after 2022-02-02 22:44:41.494991+00:00
[2022-02-02 22:49:51,523] {manager.py:1065} INFO - Finding 'running' jobs without a recent heartbeat
[2022-02-02 22:49:51,523] {manager.py:1069} INFO - Failing jobs without heartbeat after 2022-02-02 22:44:51.523629+00:00
[2022-02-02 22:50:01,549] {manager.py:1065} INFO - Finding 'running' jobs without a recent heartbeat
[2022-02-02 22:50:01,550] {manager.py:1069} INFO - Failing jobs without heartbeat after 2022-02-02 22:45:01.550013+00:00
[2022-02-02 22:50:11,573] {manager.py:1065} INFO - Finding 'running' jobs without a recent heartbeat
[2022-02-02 22:50:11,574] {manager.py:1069} INFO - Failing jobs without heartbeat after 2022-02-02 22:45:11.574123+00:00
[2022-02-02 22:50:21,605] {manager.py:1065} INFO - Finding 'running' jobs without a recent heartbeat
[2022-02-02 22:50:21,605] {manager.py:1069} INFO - Failing jobs without heartbeat after 2022-02-02 22:45:21.605197+00:00
[2022-02-02 22:50:31,631] {manager.py:1065} INFO - Finding 'running' jobs without a recent heartbeat
[2022-02-02 22:50:31,631] {manager.py:1069} INFO - Failing jobs without heartbeat after 2022-02-02 22:45:31.631854+00:00
[2022-02-02 22:50:41,658] {manager.py:1065} INFO - Finding 'running' jobs without a recent heartbeat
[2022-02-02 22:50:41,658] {manager.py:1069} INFO - Failing jobs without heartbeat after 2022-02-02 22:45:41.658340+00:00
[2022-02-02 22:50:51,684] {manager.py:1065} INFO - Finding 'running' jobs without a recent heartbeat
[2022-02-02 22:50:51,684] {manager.py:1069} INFO - Failing jobs without heartbeat after 2022-02-02 22:45:51.684407+00:00
[2022-02-02 22:51:01,710] {manager.py:663} INFO - Searching for files in /opt/airflow/dags
[2022-02-02 22:51:01,710] {manager.py:666} INFO - There are 0 files in /opt/airflow/dags
[2022-02-02 22:51:01,719] {manager.py:1065} INFO - Finding 'running' jobs without a recent heartbeat
[2022-02-02 22:51:01,720] {manager.py:1069} INFO - Failing jobs without heartbeat after 2022-02-02 22:46:01.720145+00:00
[2022-02-02 22:51:11,754] {manager.py:1065} INFO - Finding 'running' jobs without a recent heartbeat
[2022-02-02 22:51:11,754] {manager.py:1069} INFO - Failing jobs without heartbeat after 2022-02-02 22:46:11.754419+00:00
[2022-02-02 22:51:21,779] {manager.py:1065} INFO - Finding 'running' jobs without a recent heartbeat
[2022-02-02 22:51:21,779] {manager.py:1069} INFO - Failing jobs without heartbeat after 2022-02-02 22:46:21.779862+00:00
[2022-02-02 22:51:31,806] {manager.py:1065} INFO - Finding 'running' jobs without a recent heartbeat
[2022-02-02 22:51:31,806] {manager.py:1069} INFO - Failing jobs without heartbeat after 2022-02-02 22:46:31.806739+00:00
[2022-02-02 22:51:41,832] {manager.py:1065} INFO - Finding 'running' jobs without a recent heartbeat
[2022-02-02 22:51:41,832] {manager.py:1069} INFO - Failing jobs without heartbeat after 2022-02-02 22:46:41.832551+00:00
[2022-02-02 22:51:51,866] {manager.py:1065} INFO - Finding 'running' jobs without a recent heartbeat
[2022-02-02 22:51:51,866] {manager.py:1069} INFO - Failing jobs without heartbeat after 2022-02-02 22:46:51.866424+00:00
[2022-02-02 22:52:01,895] {manager.py:1065} INFO - Finding 'running' jobs without a recent heartbeat
[2022-02-02 22:52:01,895] {manager.py:1069} INFO - Failing jobs without heartbeat after 2022-02-02 22:47:01.895959+00:00
[2022-02-02 22:52:11,921] {manager.py:1065} INFO - Finding 'running' jobs without a recent heartbeat
[2022-02-02 22:52:11,921] {manager.py:1069} INFO - Failing jobs without heartbeat after 2022-02-02 22:47:11.921954+00:00
[2022-02-02 22:52:21,947] {manager.py:1065} INFO - Finding 'running' jobs without a recent heartbeat
[2022-02-02 22:52:21,948] {manager.py:1069} INFO - Failing jobs without heartbeat after 2022-02-02 22:47:21.948039+00:00
[2022-02-02 22:52:31,973] {manager.py:1065} INFO - Finding 'running' jobs without a recent heartbeat
[2022-02-02 22:52:31,974] {manager.py:1069} INFO - Failing jobs without heartbeat after 2022-02-02 22:47:31.974100+00:00
[2022-02-02 22:52:42,003] {manager.py:1065} INFO - Finding 'running' jobs without a recent heartbeat
[2022-02-02 22:52:42,003] {manager.py:1069} INFO - Failing jobs without heartbeat after 2022-02-02 22:47:42.003750+00:00
[2022-02-02 22:52:52,033] {manager.py:1065} INFO - Finding 'running' jobs without a recent heartbeat
[2022-02-02 22:52:52,033] {manager.py:1069} INFO - Failing jobs without heartbeat after 2022-02-02 22:47:52.033311+00:00
[2022-02-02 22:53:02,059] {manager.py:1065} INFO - Finding 'running' jobs without a recent heartbeat
[2022-02-02 22:53:02,060] {manager.py:1069} INFO - Failing jobs without heartbeat after 2022-02-02 22:48:02.060117+00:00
[2022-02-02 22:53:12,085] {manager.py:1065} INFO - Finding 'running' jobs without a recent heartbeat
[2022-02-02 22:53:12,085] {manager.py:1069} INFO - Failing jobs without heartbeat after 2022-02-02 22:48:12.085685+00:00
[2022-02-02 22:53:22,111] {manager.py:1065} INFO - Finding 'running' jobs without a recent heartbeat
[2022-02-02 22:53:22,111] {manager.py:1069} INFO - Failing jobs without heartbeat after 2022-02-02 22:48:22.111900+00:00
[2022-02-02 22:53:32,140] {manager.py:1065} INFO - Finding 'running' jobs without a recent heartbeat
[2022-02-02 22:53:32,140] {manager.py:1069} INFO - Failing jobs without heartbeat after 2022-02-02 22:48:32.140495+00:00
[2022-02-02 22:53:42,167] {manager.py:1065} INFO - Finding 'running' jobs without a recent heartbeat
[2022-02-02 22:53:42,167] {manager.py:1069} INFO - Failing jobs without heartbeat after 2022-02-02 22:48:42.167861+00:00
[2022-02-02 22:53:52,193] {manager.py:1065} INFO - Finding 'running' jobs without a recent heartbeat
[2022-02-02 22:53:52,193] {manager.py:1069} INFO - Failing jobs without heartbeat after 2022-02-02 22:48:52.193789+00:00
[2022-02-02 22:54:02,219] {manager.py:1065} INFO - Finding 'running' jobs without a recent heartbeat
[2022-02-02 22:54:02,219] {manager.py:1069} INFO - Failing jobs without heartbeat after 2022-02-02 22:49:02.219952+00:00
[2022-02-02 22:54:12,245] {manager.py:1065} INFO - Finding 'running' jobs without a recent heartbeat
[2022-02-02 22:54:12,245] {manager.py:1069} INFO - Failing jobs without heartbeat after 2022-02-02 22:49:12.245752+00:00
[2022-02-02 22:54:22,270] {manager.py:1065} INFO - Finding 'running' jobs without a recent heartbeat
[2022-02-02 22:54:22,270] {manager.py:1069} INFO - Failing jobs without heartbeat after 2022-02-02 22:49:22.270597+00:00
[2022-02-02 22:54:32,298] {manager.py:1065} INFO - Finding 'running' jobs without a recent heartbeat
[2022-02-02 22:54:32,298] {manager.py:1069} INFO - Failing jobs without heartbeat after 2022-02-02 22:49:32.298426+00:00
[2022-02-02 22:54:42,325] {manager.py:1065} INFO - Finding 'running' jobs without a recent heartbeat
[2022-02-02 22:54:42,325] {manager.py:1069} INFO - Failing jobs without heartbeat after 2022-02-02 22:49:42.325579+00:00
[2022-02-02 22:54:52,355] {manager.py:1065} INFO - Finding 'running' jobs without a recent heartbeat
[2022-02-02 22:54:52,355] {manager.py:1069} INFO - Failing jobs without heartbeat after 2022-02-02 22:49:52.355374+00:00
[2022-02-02 22:55:02,381] {manager.py:1065} INFO - Finding 'running' jobs without a recent heartbeat
[2022-02-02 22:55:02,381] {manager.py:1069} INFO - Failing jobs without heartbeat after 2022-02-02 22:50:02.381695+00:00
[2022-02-02 22:55:12,407] {manager.py:1065} INFO - Finding 'running' jobs without a recent heartbeat
[2022-02-02 22:55:12,407] {manager.py:1069} INFO - Failing jobs without heartbeat after 2022-02-02 22:50:12.407587+00:00
[2022-02-02 22:55:22,433] {manager.py:1065} INFO - Finding 'running' jobs without a recent heartbeat
[2022-02-02 22:55:22,433] {manager.py:1069} INFO - Failing jobs without heartbeat after 2022-02-02 22:50:22.433654+00:00
[2022-02-02 22:55:32,459] {manager.py:1065} INFO - Finding 'running' jobs without a recent heartbeat
[2022-02-02 22:55:32,459] {manager.py:1069} INFO - Failing jobs without heartbeat after 2022-02-02 22:50:32.459402+00:00
[2022-02-02 22:55:42,489] {manager.py:1065} INFO - Finding 'running' jobs without a recent heartbeat
[2022-02-02 22:55:42,489] {manager.py:1069} INFO - Failing jobs without heartbeat after 2022-02-02 22:50:42.489678+00:00
[2022-02-02 22:55:52,515] {manager.py:1065} INFO - Finding 'running' jobs without a recent heartbeat
[2022-02-02 22:55:52,515] {manager.py:1069} INFO - Failing jobs without heartbeat after 2022-02-02 22:50:52.515602+00:00
[2022-02-02 22:56:02,541] {manager.py:663} INFO - Searching for files in /opt/airflow/dags
[2022-02-02 22:56:02,541] {manager.py:666} INFO - There are 0 files in /opt/airflow/dags
[2022-02-02 22:56:02,548] {manager.py:1065} INFO - Finding 'running' jobs without a recent heartbeat
[2022-02-02 22:56:02,549] {manager.py:1069} INFO - Failing jobs without heartbeat after 2022-02-02 22:51:02.549026+00:00
[2022-02-02 22:56:12,573] {manager.py:1065} INFO - Finding 'running' jobs without a recent heartbeat
[2022-02-02 22:56:12,573] {manager.py:1069} INFO - Failing jobs without heartbeat after 2022-02-02 22:51:12.573525+00:00
[2022-02-02 22:56:22,599] {manager.py:1065} INFO - Finding 'running' jobs without a recent heartbeat
[2022-02-02 22:56:22,599] {manager.py:1069} INFO - Failing jobs without heartbeat after 2022-02-02 22:51:22.599348+00:00
[2022-02-02 22:56:32,626] {manager.py:1065} INFO - Finding 'running' jobs without a recent heartbeat
[2022-02-02 22:56:32,626] {manager.py:1069} INFO - Failing jobs without heartbeat after 2022-02-02 22:51:32.626647+00:00
[2022-02-02 22:56:42,656] {manager.py:1065} INFO - Finding 'running' jobs without a recent heartbeat
[2022-02-02 22:56:42,656] {manager.py:1069} INFO - Failing jobs without heartbeat after 2022-02-02 22:51:42.656613+00:00
[2022-02-02 22:56:52,681] {manager.py:1065} INFO - Finding 'running' jobs without a recent heartbeat
[2022-02-02 22:56:52,681] {manager.py:1069} INFO - Failing jobs without heartbeat after 2022-02-02 22:51:52.681480+00:00
[2022-02-02 22:57:02,708] {manager.py:1065} INFO - Finding 'running' jobs without a recent heartbeat
[2022-02-02 22:57:02,709] {manager.py:1069} INFO - Failing jobs without heartbeat after 2022-02-02 22:52:02.709378+00:00
[2022-02-02 22:57:12,738] {manager.py:1065} INFO - Finding 'running' jobs without a recent heartbeat
[2022-02-02 22:57:12,738] {manager.py:1069} INFO - Failing jobs without heartbeat after 2022-02-02 22:52:12.738276+00:00
[2022-02-02 22:57:22,763] {manager.py:1065} INFO - Finding 'running' jobs without a recent heartbeat
[2022-02-02 22:57:22,763] {manager.py:1069} INFO - Failing jobs without heartbeat after 2022-02-02 22:52:22.763725+00:00
[2022-02-02 22:57:32,795] {manager.py:1065} INFO - Finding 'running' jobs without a recent heartbeat
[2022-02-02 22:57:32,795] {manager.py:1069} INFO - Failing jobs without heartbeat after 2022-02-02 22:52:32.795790+00:00
[2022-02-02 22:57:42,821] {manager.py:1065} INFO - Finding 'running' jobs without a recent heartbeat
[2022-02-02 22:57:42,822] {manager.py:1069} INFO - Failing jobs without heartbeat after 2022-02-02 22:52:42.822158+00:00
[2022-02-02 22:57:52,847] {manager.py:1065} INFO - Finding 'running' jobs without a recent heartbeat
[2022-02-02 22:57:52,847] {manager.py:1069} INFO - Failing jobs without heartbeat after 2022-02-02 22:52:52.847950+00:00
[2022-02-02 22:58:02,874] {manager.py:1065} INFO - Finding 'running' jobs without a recent heartbeat
[2022-02-02 22:58:02,874] {manager.py:1069} INFO - Failing jobs without heartbeat after 2022-02-02 22:53:02.874625+00:00
